[1101/212813.161:ERROR:directory_reader_win.cc(43)] FindFirstFile: The system cannot find the path specified. (0x3)
[1127/004503.022:ERROR:directory_reader_win.cc(43)] FindFirstFile: The system cannot find the path specified. (0x3)
[1128/002005.637:ERROR:directory_reader_win.cc(43)] FindFirstFile: The system cannot find the path specified. (0x3)
[1208/204220.106:ERROR:directory_reader_win.cc(43)] FindFirstFile: The system cannot find the path specified. (0x3)
[1208/205132.793:ERROR:process_memory_win.cc(73)] ReadMemory at 0x1ed403201c0 of 72 bytes failed: Only part of a ReadProcessMemory or WriteProcessMemory request was completed. (0x12B)
[1208/205132.793:WARNING:pe_image_annotations_reader.cc(135)] could not read annotations list object in C:\Program Files (x86)\Google\Chrome\Application\87.0.4280.88\chrome_elf.dll
[1208/205132.794:ERROR:process_memory_win.cc(73)] ReadMemory at 0x1ed4036ec20 of 72 bytes failed: Only part of a ReadProcessMemory or WriteProcessMemory request was completed. (0x12B)
[1208/205132.794:WARNING:pe_image_annotations_reader.cc(135)] could not read annotations list object in C:\Program Files (x86)\Google\Chrome\Application\87.0.4280.88\chrome.dll
[1208/205132.795:ERROR:process_memory_win.cc(73)] ReadMemory at 0x1ed403201c0 of 72 bytes failed: Only part of a ReadProcessMemory or WriteProcessMemory request was completed. (0x12B)
[1208/205132.795:WARNING:pe_image_annotations_reader.cc(135)] could not read annotations list object in C:\Program Files (x86)\Google\Chrome\Application\87.0.4280.88\chrome_elf.dll
[1208/205132.796:ERROR:process_memory_win.cc(73)] ReadMemory at 0x1ed4036ec20 of 72 bytes failed: Only part of a ReadProcessMemory or WriteProcessMemory request was completed. (0x12B)
[1208/205132.796:WARNING:pe_image_annotations_reader.cc(135)] could not read annotations list object in C:\Program Files (x86)\Google\Chrome\Application\87.0.4280.88\chrome.dll
[1208/205132.813:ERROR:process_memory_win.cc(73)] ReadMemory at 0x3f415f3000 of 53248 bytes failed: Only part of a ReadProcessMemory or WriteProcessMemory request was completed. (0x12B)
[1208/205132.813:ERROR:process_memory_win.cc(73)] ReadMemory at 0x3f41dfe000 of 8192 bytes failed: Only part of a ReadProcessMemory or WriteProcessMemory request was completed. (0x12B)
[1208/205132.813:ERROR:process_memory_win.cc(73)] ReadMemory at 0x3f425fa000 of 24576 bytes failed: Only part of a ReadProcessMemory or WriteProcessMemory request was completed. (0x12B)
[1208/205132.814:ERROR:process_memory_win.cc(73)] ReadMemory at 0x3f42dfe000 of 8192 bytes failed: Only part of a ReadProcessMemory or WriteProcessMemory request was completed. (0x12B)
[1208/205132.814:ERROR:process_memory_win.cc(73)] ReadMemory at 0x3f435fc000 of 16384 bytes failed: Only part of a ReadProcessMemory or WriteProcessMemory request was completed. (0x12B)
[1208/205132.814:ERROR:process_memory_win.cc(73)] ReadMemory at 0x3f43dfa000 of 24576 bytes failed: Only part of a ReadProcessMemory or WriteProcessMemory request was completed. (0x12B)
[1208/205132.814:ERROR:process_memory_win.cc(73)] ReadMemory at 0x3f445fe000 of 8192 bytes failed: Only part of a ReadProcessMemory or WriteProcessMemory request was completed. (0x12B)
[1208/205132.814:ERROR:process_memory_win.cc(73)] ReadMemory at 0x3f44dfe000 of 8192 bytes failed: Only part of a ReadProcessMemory or WriteProcessMemory request was completed. (0x12B)
[1208/205132.814:ERROR:process_memory_win.cc(73)] ReadMemory at 0x3f455fd000 of 12288 bytes failed: Only part of a ReadProcessMemory or WriteProcessMemory request was completed. (0x12B)
[1208/205132.814:ERROR:process_memory_win.cc(73)] ReadMemory at 0x3f45dfe000 of 8192 bytes failed: Only part of a ReadProcessMemory or WriteProcessMemory request was completed. (0x12B)
[1208/205132.814:ERROR:process_memory_win.cc(73)] ReadMemory at 0x3f465fe000 of 8192 bytes failed: Only part of a ReadProcessMemory or WriteProcessMemory request was completed. (0x12B)
[1208/205132.815:ERROR:process_memory_win.cc(73)] ReadMemory at 0x3f46dfe000 of 8192 bytes failed: Only part of a ReadProcessMemory or WriteProcessMemory request was completed. (0x12B)
[1208/205132.815:ERROR:process_memory_win.cc(73)] ReadMemory at 0x3f475fe000 of 8192 bytes failed: Only part of a ReadProcessMemory or WriteProcessMemory request was completed. (0x12B)
[1208/205132.815:ERROR:process_memory_win.cc(73)] ReadMemory at 0x3f47dfe000 of 8192 bytes failed: Only part of a ReadProcessMemory or WriteProcessMemory request was completed. (0x12B)
[1208/205132.815:ERROR:process_memory_win.cc(73)] ReadMemory at 0x3f485fd000 of 12288 bytes failed: Only part of a ReadProcessMemory or WriteProcessMemory request was completed. (0x12B)
[1208/205132.815:ERROR:process_memory_win.cc(73)] ReadMemory at 0x3f40db6000 of 852 bytes failed: Only part of a ReadProcessMemory or WriteProcessMemory request was completed. (0x12B)
[1208/205132.815:ERROR:process_memory_win.cc(73)] ReadMemory at 0x3f40db7000 of 6024 bytes failed: Only part of a ReadProcessMemory or WriteProcessMemory request was completed. (0x12B)
[1208/205132.815:ERROR:process_memory_win.cc(73)] ReadMemory at 0x3f40db9000 of 6024 bytes failed: Only part of a ReadProcessMemory or WriteProcessMemory request was completed. (0x12B)
[1208/205132.816:ERROR:process_memory_win.cc(73)] ReadMemory at 0x3f40dbb000 of 6024 bytes failed: Only part of a ReadProcessMemory or WriteProcessMemory request was completed. (0x12B)
[1208/205132.816:ERROR:process_memory_win.cc(73)] ReadMemory at 0x3f40dbd000 of 6024 bytes failed: Only part of a ReadProcessMemory or WriteProcessMemory request was completed. (0x12B)
[1208/205132.816:ERROR:process_memory_win.cc(73)] ReadMemory at 0x3f40dbf000 of 6024 bytes failed: Only part of a ReadProcessMemory or WriteProcessMemory request was completed. (0x12B)
[1208/205132.816:ERROR:process_memory_win.cc(73)] ReadMemory at 0x3f40dc1000 of 6024 bytes failed: Only part of a ReadProcessMemory or WriteProcessMemory request was completed. (0x12B)
[1208/205132.816:ERROR:process_memory_win.cc(73)] ReadMemory at 0x3f40dc3000 of 6024 bytes failed: Only part of a ReadProcessMemory or WriteProcessMemory request was completed. (0x12B)
[1208/205132.816:ERROR:process_memory_win.cc(73)] ReadMemory at 0x3f40dc5000 of 6024 bytes failed: Only part of a ReadProcessMemory or WriteProcessMemory request was completed. (0x12B)
[1208/205132.816:ERROR:process_memory_win.cc(73)] ReadMemory at 0x3f40dc7000 of 6024 bytes failed: Only part of a ReadProcessMemory or WriteProcessMemory request was completed. (0x12B)
[1208/205132.816:ERROR:process_memory_win.cc(73)] ReadMemory at 0x3f40dc9000 of 6024 bytes failed: Only part of a ReadProcessMemory or WriteProcessMemory request was completed. (0x12B)
[1208/205132.816:ERROR:process_memory_win.cc(73)] ReadMemory at 0x3f40dcb000 of 6024 bytes failed: Only part of a ReadProcessMemory or WriteProcessMemory request was completed. (0x12B)
[1208/205132.816:ERROR:process_memory_win.cc(73)] ReadMemory at 0x3f40dcd000 of 6024 bytes failed: Only part of a ReadProcessMemory or WriteProcessMemory request was completed. (0x12B)
[1208/205132.816:ERROR:process_memory_win.cc(73)] ReadMemory at 0x3f40dcf000 of 6024 bytes failed: Only part of a ReadProcessMemory or WriteProcessMemory request was completed. (0x12B)
[1208/205132.817:ERROR:process_memory_win.cc(73)] ReadMemory at 0x3f40dd1000 of 6024 bytes failed: Only part of a ReadProcessMemory or WriteProcessMemory request was completed. (0x12B)
[1208/205132.817:ERROR:process_memory_win.cc(73)] ReadMemory at 0x3f40dd3000 of 6024 bytes failed: Only part of a ReadProcessMemory or WriteProcessMemory request was completed. (0x12B)
[1208/205132.817:ERROR:process_memory_win.cc(73)] ReadMemory at 0x1ed402d2140 of 512 bytes failed: Only part of a ReadProcessMemory or WriteProcessMemory request was completed. (0x12B)
[1208/205132.817:ERROR:process_memory_win.cc(73)] ReadMemory at 0x1ed402d2380 of 512 bytes failed: Only part of a ReadProcessMemory or WriteProcessMemory request was completed. (0x12B)
[1208/205132.817:ERROR:process_memory_win.cc(73)] ReadMemory at 0x1ed40310fe0 of 22440 bytes failed: Only part of a ReadProcessMemory or WriteProcessMemory request was completed. (0x12B)
[1208/205132.817:ERROR:process_memory_win.cc(73)] ReadMemory at 0x1ed40316790 of 1012 bytes failed: Only part of a ReadProcessMemory or WriteProcessMemory request was completed. (0x12B)
[1208/205132.817:ERROR:process_memory_win.cc(73)] ReadMemory at 0x1ed40316dd8 of 118 bytes failed: Only part of a ReadProcessMemory or WriteProcessMemory request was completed. (0x12B)
[1208/205132.817:ERROR:process_memory_win.cc(73)] ReadMemory at 0x1ed40316e50 of 716 bytes failed: Only part of a ReadProcessMemory or WriteProcessMemory request was completed. (0x12B)
[1208/205132.817:ERROR:process_memory_win.cc(73)] ReadMemory at 0x1ed4031711e of 118 bytes failed: Only part of a ReadProcessMemory or WriteProcessMemory request was completed. (0x12B)
[1208/205132.818:ERROR:process_memory_win.cc(73)] ReadMemory at 0x1ed40317196 of 102 bytes failed: Only part of a ReadProcessMemory or WriteProcessMemory request was completed. (0x12B)
[1208/205132.818:ERROR:process_memory_win.cc(73)] ReadMemory at 0x1ed40317210 of 58 bytes failed: Only part of a ReadProcessMemory or WriteProcessMemory request was completed. (0x12B)
[1208/205132.818:ERROR:process_memory_win.cc(73)] ReadMemory at 0x1ed40317310 of 132 bytes failed: Only part of a ReadProcessMemory or WriteProcessMemory request was completed. (0x12B)
[1208/205132.818:ERROR:process_memory_win.cc(73)] ReadMemory at 0x1ed403174a0 of 132 bytes failed: Only part of a ReadProcessMemory or WriteProcessMemory request was completed. (0x12B)
[1208/205132.818:ERROR:process_memory_win.cc(73)] ReadMemory at 0x1ed40317660 of 124 bytes failed: Only part of a ReadProcessMemory or WriteProcessMemory request was completed. (0x12B)
[1208/205132.818:ERROR:process_memory_win.cc(73)] ReadMemory at 0x1ed40317b60 of 132 bytes failed: Only part of a ReadProcessMemory or WriteProcessMemory request was completed. (0x12B)
[1208/205132.818:ERROR:process_memory_win.cc(73)] ReadMemory at 0x1ed40317cf0 of 64 bytes failed: Only part of a ReadProcessMemory or WriteProcessMemory request was completed. (0x12B)
[1208/205132.818:ERROR:process_memory_win.cc(73)] ReadMemory at 0x1ed40317eb0 of 132 bytes failed: Only part of a ReadProcessMemory or WriteProcessMemory request was completed. (0x12B)
[1208/205132.818:ERROR:process_memory_win.cc(73)] ReadMemory at 0x1ed40318150 of 132 bytes failed: Only part of a ReadProcessMemory or WriteProcessMemory request was completed. (0x12B)
[1208/205132.818:ERROR:process_memory_win.cc(73)] ReadMemory at 0x1ed403182e0 of 68 bytes failed: Only part of a ReadProcessMemory or WriteProcessMemory request was completed. (0x12B)
[1208/205132.818:ERROR:process_memory_win.cc(73)] ReadMemory at 0x1ed40319390 of 132 bytes failed: Only part of a ReadProcessMemory or WriteProcessMemory request was completed. (0x12B)
[1208/205132.818:ERROR:process_memory_win.cc(73)] ReadMemory at 0x1ed40319520 of 152 bytes failed: Only part of a ReadProcessMemory or WriteProcessMemory request was completed. (0x12B)
[1208/205132.819:ERROR:process_memory_win.cc(73)] ReadMemory at 0x1ed4031b820 of 62 bytes failed: Only part of a ReadProcessMemory or WriteProcessMemory request was completed. (0x12B)
[1208/205132.819:ERROR:process_memory_win.cc(73)] ReadMemory at 0x1ed4031b980 of 132 bytes failed: Only part of a ReadProcessMemory or WriteProcessMemory request was completed. (0x12B)
[1208/205132.819:ERROR:process_memory_win.cc(73)] ReadMemory at 0x1ed4031bb10 of 60 bytes failed: Only part of a ReadProcessMemory or WriteProcessMemory request was completed. (0x12B)
[1208/205132.819:ERROR:process_memory_win.cc(73)] ReadMemory at 0x1ed403256c0 of 62 bytes failed: Only part of a ReadProcessMemory or WriteProcessMemory request was completed. (0x12B)
[1208/205132.819:ERROR:process_memory_win.cc(73)] ReadMemory at 0x1ed4032d020 of 54 bytes failed: Only part of a ReadProcessMemory or WriteProcessMemory request was completed. (0x12B)
[1208/205132.819:ERROR:process_memory_win.cc(73)] ReadMemory at 0x1ed4032f3d0 of 80 bytes failed: Only part of a ReadProcessMemory or WriteProcessMemory request was completed. (0x12B)
[1208/205132.819:ERROR:process_memory_win.cc(73)] ReadMemory at 0x1ed40331730 of 132 bytes failed: Only part of a ReadProcessMemory or WriteProcessMemory request was completed. (0x12B)
[1208/205132.819:ERROR:process_memory_win.cc(73)] ReadMemory at 0x1ed403325a0 of 132 bytes failed: Only part of a ReadProcessMemory or WriteProcessMemory request was completed. (0x12B)
[1208/205132.819:ERROR:process_memory_win.cc(73)] ReadMemory at 0x1ed40332f50 of 132 bytes failed: Only part of a ReadProcessMemory or WriteProcessMemory request was completed. (0x12B)
[1208/205132.819:ERROR:process_memory_win.cc(73)] ReadMemory at 0x1ed40333080 of 132 bytes failed: Only part of a ReadProcessMemory or WriteProcessMemory request was completed. (0x12B)
[1208/205132.819:ERROR:process_memory_win.cc(73)] ReadMemory at 0x1ed403331b0 of 132 bytes failed: Only part of a ReadProcessMemory or WriteProcessMemory request was completed. (0x12B)
[1208/205132.819:ERROR:process_memory_win.cc(73)] ReadMemory at 0x1ed403332e0 of 132 bytes failed: Only part of a ReadProcessMemory or WriteProcessMemory request was completed. (0x12B)
[1208/205132.819:ERROR:process_memory_win.cc(73)] ReadMemory at 0x1ed40333410 of 132 bytes failed: Only part of a ReadProcessMemory or WriteProcessMemory request was completed. (0x12B)
[1208/205132.820:ERROR:process_memory_win.cc(73)] ReadMemory at 0x1ed40333540 of 132 bytes failed: Only part of a ReadProcessMemory or WriteProcessMemory request was completed. (0x12B)
[1208/205132.820:ERROR:process_memory_win.cc(73)] ReadMemory at 0x1ed40333670 of 132 bytes failed: Only part of a ReadProcessMemory or WriteProcessMemory request was completed. (0x12B)
[1208/205132.820:ERROR:process_memory_win.cc(73)] ReadMemory at 0x1ed403337a0 of 132 bytes failed: Only part of a ReadProcessMemory or WriteProcessMemory request was completed. (0x12B)
[1208/205132.820:ERROR:process_memory_win.cc(73)] ReadMemory at 0x1ed403338d0 of 132 bytes failed: Only part of a ReadProcessMemory or WriteProcessMemory request was completed. (0x12B)
[1208/205132.820:ERROR:process_memory_win.cc(73)] ReadMemory at 0x1ed40333b30 of 132 bytes failed: Only part of a ReadProcessMemory or WriteProcessMemory request was completed. (0x12B)
[1208/205132.820:ERROR:process_memory_win.cc(73)] ReadMemory at 0x1ed40333c60 of 132 bytes failed: Only part of a ReadProcessMemory or WriteProcessMemory request was completed. (0x12B)
[1208/205132.820:ERROR:process_memory_win.cc(73)] ReadMemory at 0x1ed40333d90 of 132 bytes failed: Only part of a ReadProcessMemory or WriteProcessMemory request was completed. (0x12B)
[1208/205132.820:ERROR:process_memory_win.cc(73)] ReadMemory at 0x1ed403354f0 of 132 bytes failed: Only part of a ReadProcessMemory or WriteProcessMemory request was completed. (0x12B)
[1208/205132.820:ERROR:process_memory_win.cc(73)] ReadMemory at 0x1ed40335710 of 132 bytes failed: Only part of a ReadProcessMemory or WriteProcessMemory request was completed. (0x12B)
[1208/205132.820:ERROR:process_memory_win.cc(73)] ReadMemory at 0x1ed40335a70 of 132 bytes failed: Only part of a ReadProcessMemory or WriteProcessMemory request was completed. (0x12B)
[1208/205132.820:ERROR:process_memory_win.cc(73)] ReadMemory at 0x1ed40337600 of 132 bytes failed: Only part of a ReadProcessMemory or WriteProcessMemory request was completed. (0x12B)
[1208/205132.820:ERROR:process_memory_win.cc(73)] ReadMemory at 0x1ed403391e0 of 62 bytes failed: Only part of a ReadProcessMemory or WriteProcessMemory request was completed. (0x12B)
[1208/205132.820:ERROR:process_memory_win.cc(73)] ReadMemory at 0x1ed40339230 of 60 bytes failed: Only part of a ReadProcessMemory or WriteProcessMemory request was completed. (0x12B)
[1208/205132.820:ERROR:process_memory_win.cc(73)] ReadMemory at 0x1ed403392d0 of 64 bytes failed: Only part of a ReadProcessMemory or WriteProcessMemory request was completed. (0x12B)
[1208/205132.820:ERROR:process_memory_win.cc(73)] ReadMemory at 0x1ed40339410 of 66 bytes failed: Only part of a ReadProcessMemory or WriteProcessMemory request was completed. (0x12B)
[1208/205132.820:ERROR:process_memory_win.cc(73)] ReadMemory at 0x1ed403394b0 of 60 bytes failed: Only part of a ReadProcessMemory or WriteProcessMemory request was completed. (0x12B)
[1208/205132.821:ERROR:process_memory_win.cc(73)] ReadMemory at 0x1ed40339500 of 66 bytes failed: Only part of a ReadProcessMemory or WriteProcessMemory request was completed. (0x12B)
[1208/205132.821:ERROR:process_memory_win.cc(73)] ReadMemory at 0x1ed40339550 of 64 bytes failed: Only part of a ReadProcessMemory or WriteProcessMemory request was completed. (0x12B)
[1208/205132.821:ERROR:process_memory_win.cc(73)] ReadMemory at 0x1ed403395f0 of 64 bytes failed: Only part of a ReadProcessMemory or WriteProcessMemory request was completed. (0x12B)
[1208/205132.821:ERROR:process_memory_win.cc(73)] ReadMemory at 0x1ed40339690 of 64 bytes failed: Only part of a ReadProcessMemory or WriteProcessMemory request was completed. (0x12B)
[1208/205132.821:ERROR:process_memory_win.cc(73)] ReadMemory at 0x1ed403396e0 of 62 bytes failed: Only part of a ReadProcessMemory or WriteProcessMemory request was completed. (0x12B)
[1208/205132.821:ERROR:process_memory_win.cc(73)] ReadMemory at 0x1ed40339730 of 58 bytes failed: Only part of a ReadProcessMemory or WriteProcessMemory request was completed. (0x12B)
[1208/205132.821:ERROR:process_memory_win.cc(73)] ReadMemory at 0x1ed40339780 of 62 bytes failed: Only part of a ReadProcessMemory or WriteProcessMemory request was completed. (0x12B)
[1208/205132.821:ERROR:process_memory_win.cc(73)] ReadMemory at 0x1ed403397d0 of 64 bytes failed: Only part of a ReadProcessMemory or WriteProcessMemory request was completed. (0x12B)
[1208/205132.821:ERROR:process_memory_win.cc(73)] ReadMemory at 0x1ed40339820 of 62 bytes failed: Only part of a ReadProcessMemory or WriteProcessMemory request was completed. (0x12B)
[1208/205132.821:ERROR:process_memory_win.cc(73)] ReadMemory at 0x1ed403398c0 of 64 bytes failed: Only part of a ReadProcessMemory or WriteProcessMemory request was completed. (0x12B)
[1208/205132.821:ERROR:process_memory_win.cc(73)] ReadMemory at 0x1ed403399b0 of 60 bytes failed: Only part of a ReadProcessMemory or WriteProcessMemory request was completed. (0x12B)
[1208/205132.821:ERROR:process_memory_win.cc(73)] ReadMemory at 0x1ed40339af0 of 62 bytes failed: Only part of a ReadProcessMemory or WriteProcessMemory request was completed. (0x12B)
[1208/205132.821:ERROR:process_memory_win.cc(73)] ReadMemory at 0x1ed40339c30 of 62 bytes failed: Only part of a ReadProcessMemory or WriteProcessMemory request was completed. (0x12B)
[1208/205132.821:ERROR:process_memory_win.cc(73)] ReadMemory at 0x1ed40339c80 of 64 bytes failed: Only part of a ReadProcessMemory or WriteProcessMemory request was completed. (0x12B)
[1208/205132.821:ERROR:process_memory_win.cc(73)] ReadMemory at 0x1ed40339cd0 of 62 bytes failed: Only part of a ReadProcessMemory or WriteProcessMemory request was completed. (0x12B)
[1208/205132.821:ERROR:process_memory_win.cc(73)] ReadMemory at 0x1ed40339d20 of 62 bytes failed: Only part of a ReadProcessMemory or WriteProcessMemory request was completed. (0x12B)
[1208/205132.821:ERROR:process_memory_win.cc(73)] ReadMemory at 0x1ed40339d70 of 60 bytes failed: Only part of a ReadProcessMemory or WriteProcessMemory request was completed. (0x12B)
[1208/205132.822:ERROR:process_memory_win.cc(73)] ReadMemory at 0x1ed40339dc0 of 62 bytes failed: Only part of a ReadProcessMemory or WriteProcessMemory request was completed. (0x12B)
[1208/205132.822:ERROR:process_memory_win.cc(73)] ReadMemory at 0x1ed40339e10 of 60 bytes failed: Only part of a ReadProcessMemory or WriteProcessMemory request was completed. (0x12B)
[1208/205132.822:ERROR:process_memory_win.cc(73)] ReadMemory at 0x1ed40339f00 of 60 bytes failed: Only part of a ReadProcessMemory or WriteProcessMemory request was completed. (0x12B)
[1208/205132.822:ERROR:process_memory_win.cc(73)] ReadMemory at 0x1ed40339fa0 of 64 bytes failed: Only part of a ReadProcessMemory or WriteProcessMemory request was completed. (0x12B)
[1208/205132.822:ERROR:process_memory_win.cc(73)] ReadMemory at 0x1ed4033ab40 of 76 bytes failed: Only part of a ReadProcessMemory or WriteProcessMemory request was completed. (0x12B)
[1208/205132.822:ERROR:process_memory_win.cc(73)] ReadMemory at 0x1ed4033ac00 of 80 bytes failed: Only part of a ReadProcessMemory or WriteProcessMemory request was completed. (0x12B)
[1208/205132.822:ERROR:process_memory_win.cc(73)] ReadMemory at 0x1ed4033c1d0 of 132 bytes failed: Only part of a ReadProcessMemory or WriteProcessMemory request was completed. (0x12B)
[1208/205132.822:ERROR:process_memory_win.cc(73)] ReadMemory at 0x1ed4033f990 of 132 bytes failed: Only part of a ReadProcessMemory or WriteProcessMemory request was completed. (0x12B)
[1208/205132.822:ERROR:process_memory_win.cc(73)] ReadMemory at 0x1ed403419b0 of 144 bytes failed: Only part of a ReadProcessMemory or WriteProcessMemory request was completed. (0x12B)
[1208/205132.822:ERROR:process_memory_win.cc(73)] ReadMemory at 0x1ed40341a90 of 132 bytes failed: Only part of a ReadProcessMemory or WriteProcessMemory request was completed. (0x12B)
[1208/205132.822:ERROR:process_memory_win.cc(73)] ReadMemory at 0x1ed40341ca0 of 132 bytes failed: Only part of a ReadProcessMemory or WriteProcessMemory request was completed. (0x12B)
[1208/205132.822:ERROR:process_memory_win.cc(73)] ReadMemory at 0x1ed40344030 of 132 bytes failed: Only part of a ReadProcessMemory or WriteProcessMemory request was completed. (0x12B)
[1208/205132.822:ERROR:process_memory_win.cc(73)] ReadMemory at 0x1ed40344160 of 132 bytes failed: Only part of a ReadProcessMemory or WriteProcessMemory request was completed. (0x12B)
[1208/205132.822:ERROR:process_memory_win.cc(73)] ReadMemory at 0x1ed40344290 of 132 bytes failed: Only part of a ReadProcessMemory or WriteProcessMemory request was completed. (0x12B)
[1208/205132.822:ERROR:process_memory_win.cc(73)] ReadMemory at 0x1ed403443c0 of 132 bytes failed: Only part of a ReadProcessMemory or WriteProcessMemory request was completed. (0x12B)
[1208/205132.822:ERROR:process_memory_win.cc(73)] ReadMemory at 0x1ed40344c10 of 132 bytes failed: Only part of a ReadProcessMemory or WriteProcessMemory request was completed. (0x12B)
[1208/205132.822:ERROR:process_memory_win.cc(73)] ReadMemory at 0x1ed403450d0 of 132 bytes failed: Only part of a ReadProcessMemory or WriteProcessMemory request was completed. (0x12B)
[1208/205132.823:ERROR:process_memory_win.cc(73)] ReadMemory at 0x1ed40345590 of 132 bytes failed: Only part of a ReadProcessMemory or WriteProcessMemory request was completed. (0x12B)
[1208/205132.823:ERROR:process_memory_win.cc(73)] ReadMemory at 0x1ed40345b80 of 132 bytes failed: Only part of a ReadProcessMemory or WriteProcessMemory request was completed. (0x12B)
[1208/205132.823:ERROR:process_memory_win.cc(73)] ReadMemory at 0x1ed40345cb0 of 132 bytes failed: Only part of a ReadProcessMemory or WriteProcessMemory request was completed. (0x12B)
[1208/205132.823:ERROR:process_memory_win.cc(73)] ReadMemory at 0x1ed40345de0 of 132 bytes failed: Only part of a ReadProcessMemory or WriteProcessMemory request was completed. (0x12B)
[1208/205132.823:ERROR:process_memory_win.cc(73)] ReadMemory at 0x1ed40397c30 of 640 bytes failed: Only part of a ReadProcessMemory or WriteProcessMemory request was completed. (0x12B)
[1208/205132.823:ERROR:process_memory_win.cc(73)] ReadMemory at 0x1ed40398000 of 688 bytes failed: Only part of a ReadProcessMemory or WriteProcessMemory request was completed. (0x12B)
[1208/205132.823:ERROR:process_memory_win.cc(73)] ReadMemory at 0x1ed403a2f80 of 512 bytes failed: Only part of a ReadProcessMemory or WriteProcessMemory request was completed. (0x12B)
[1208/205132.823:ERROR:process_memory_win.cc(73)] ReadMemory at 0x1ed403ccee0 of 712 bytes failed: Only part of a ReadProcessMemory or WriteProcessMemory request was completed. (0x12B)
[1208/205132.823:ERROR:process_memory_win.cc(73)] ReadMemory at 0x1ed403d7f30 of 512 bytes failed: Only part of a ReadProcessMemory or WriteProcessMemory request was completed. (0x12B)
[1208/205132.823:ERROR:process_memory_win.cc(73)] ReadMemory at 0x1ed403dffc0 of 512 bytes failed: Only part of a ReadProcessMemory or WriteProcessMemory request was completed. (0x12B)
[1208/205132.823:ERROR:process_memory_win.cc(73)] ReadMemory at 0x1ed403e8380 of 512 bytes failed: Only part of a ReadProcessMemory or WriteProcessMemory request was completed. (0x12B)
[1208/205132.823:ERROR:process_memory_win.cc(73)] ReadMemory at 0x1ed403f44c2 of 512 bytes failed: Only part of a ReadProcessMemory or WriteProcessMemory request was completed. (0x12B)
[1208/205132.823:ERROR:process_memory_win.cc(73)] ReadMemory at 0x1ed41e4c820 of 512 bytes failed: Only part of a ReadProcessMemory or WriteProcessMemory request was completed. (0x12B)
[1208/205132.824:ERROR:process_memory_win.cc(73)] ReadMemory at 0x1ed41e4d1c0 of 512 bytes failed: Only part of a ReadProcessMemory or WriteProcessMemory request was completed. (0x12B)
[1208/205132.824:ERROR:process_memory_win.cc(73)] ReadMemory at 0x1ed41e4e310 of 512 bytes failed: Only part of a ReadProcessMemory or WriteProcessMemory request was completed. (0x12B)
[1208/205132.824:ERROR:process_memory_win.cc(73)] ReadMemory at 0x1ed41e5c9a6 of 800 bytes failed: Only part of a ReadProcessMemory or WriteProcessMemory request was completed. (0x12B)
[1208/205132.824:ERROR:process_memory_win.cc(73)] ReadMemory at 0x1ed41e76050 of 512 bytes failed: Only part of a ReadProcessMemory or WriteProcessMemory request was completed. (0x12B)
[1208/205132.824:ERROR:process_memory_win.cc(73)] ReadMemory at 0x1ed41f06898 of 512 bytes failed: Only part of a ReadProcessMemory or WriteProcessMemory request was completed. (0x12B)
[1208/205132.824:ERROR:process_memory_win.cc(73)] ReadMemory at 0x1ed41f06b68 of 512 bytes failed: Only part of a ReadProcessMemory or WriteProcessMemory request was completed. (0x12B)
[1208/205132.824:ERROR:process_memory_win.cc(73)] ReadMemory at 0x1ed41f07738 of 512 bytes failed: Only part of a ReadProcessMemory or WriteProcessMemory request was completed. (0x12B)
[1208/205132.824:ERROR:process_memory_win.cc(73)] ReadMemory at 0x1ed420679e0 of 512 bytes failed: Only part of a ReadProcessMemory or WriteProcessMemory request was completed. (0x12B)
[1208/205132.824:ERROR:process_memory_win.cc(73)] ReadMemory at 0x7484d4aa2228 of 512 bytes failed: Only part of a ReadProcessMemory or WriteProcessMemory request was completed. (0x12B)
[1208/205132.824:ERROR:process_memory_win.cc(73)] ReadMemory at 0x7ffd3765fa45 of 512 bytes failed: Only part of a ReadProcessMemory or WriteProcessMemory request was completed. (0x12B)
[1208/205132.824:ERROR:process_memory_win.cc(73)] ReadMemory at 0x7ffd3af9c038 of 512 bytes failed: Only part of a ReadProcessMemory or WriteProcessMemory request was completed. (0x12B)
[1208/205132.824:ERROR:process_memory_win.cc(73)] ReadMemory at 0x7ffd3b9333b0 of 512 bytes failed: Only part of a ReadProcessMemory or WriteProcessMemory request was completed. (0x12B)
[1208/205132.824:ERROR:process_memory_win.cc(73)] ReadMemory at 0x7ffd3c323438 of 512 bytes failed: Only part of a ReadProcessMemory or WriteProcessMemory request was completed. (0x12B)
[1208/205132.824:ERROR:process_memory_win.cc(73)] ReadMemory at 0x7ffd960ed700 of 512 bytes failed: Only part of a ReadProcessMemory or WriteProcessMemory request was completed. (0x12B)
[1208/205132.824:ERROR:process_memory_win.cc(73)] ReadMemory at 0x7ffd97d61fd0 of 512 bytes failed: Only part of a ReadProcessMemory or WriteProcessMemory request was completed. (0x12B)
[1208/205132.824:ERROR:process_memory_win.cc(73)] ReadMemory at 0x7ffd98c9c6f4 of 672 bytes failed: Only part of a ReadProcessMemory or WriteProcessMemory request was completed. (0x12B)
[1208/205132.825:ERROR:process_memory_win.cc(73)] ReadMemory at 0x7ffd98c9ccf4 of 512 bytes failed: Only part of a ReadProcessMemory or WriteProcessMemory request was completed. (0x12B)
[1208/205132.825:ERROR:process_memory_win.cc(73)] ReadMemory at 0x7ffd98c9ffa4 of 608 bytes failed: Only part of a ReadProcessMemory or WriteProcessMemory request was completed. (0x12B)
[1208/205132.825:ERROR:process_memory_win.cc(73)] ReadMemory at 0x7ffd98d2c428 of 18 bytes failed: Only part of a ReadProcessMemory or WriteProcessMemory request was completed. (0x12B)
[1208/205132.825:ERROR:process_memory_win.cc(73)] ReadMemory at 0x7ffd98d5f4f8 of 40 bytes failed: Only part of a ReadProcessMemory or WriteProcessMemory request was completed. (0x12B)
[1208/205132.825:ERROR:process_memory_win.cc(73)] ReadMemory at 0x7ffd98d5f978 of 48 bytes failed: Only part of a ReadProcessMemory or WriteProcessMemory request was completed. (0x12B)
[1208/205132.825:ERROR:process_memory_win.cc(73)] ReadMemory at 0x7ffd98d653c0 of 64 bytes failed: Only part of a ReadProcessMemory or WriteProcessMemory request was completed. (0x12B)
[1208/205132.827:ERROR:scoped_process_suspend.cc(40)] NtResumeProcess: An attempt was made to access an exiting process. (0xc000010a)
